<?xml version="1.0" encoding="UTF-8"?>
<!-- Generated by org.testng.reporters.JUnitReportReporter -->
<testsuite skipped="0" hostname="Madhav" name="com.vtiger.tc.CreateInvalidAnnualIncome" tests="1" failures="0" timestamp="2021-04-19T02:13:23 IST" time="8.632" errors="0">
  <testcase name="createLead" time="8.632" classname="com.vtiger.tc.CreateInvalidAnnualIncome"/>
  <system-out/>
</testsuite> <!-- com.vtiger.tc.CreateInvalidAnnualIncome -->
