<?xml version="1.0" encoding="UTF-8"?>
<!-- Generated by org.testng.reporters.JUnitReportReporter -->
<testsuite skipped="0" hostname="Madhav" name="com.vtiger.tc.CreateLeadInvalidNoOfEmployees" tests="1" failures="0" timestamp="2021-04-19T03:42:54 IST" time="8.250" errors="0">
  <testcase name="createLead" time="8.250" classname="com.vtiger.tc.CreateLeadInvalidNoOfEmployees"/>
  <system-out/>
</testsuite> <!-- com.vtiger.tc.CreateLeadInvalidNoOfEmployees -->
