<?xml version="1.0" encoding="UTF-8"?>
<!-- Generated by org.testng.reporters.JUnitReportReporter -->
<testsuite skipped="0" hostname="DESKTOP-U5A1O4K" name="com.vtiger.tc.Create_Contact" tests="1" failures="0" timestamp="2021-04-12T17:28:36 IST" time="51.244" errors="0">
  <testcase name="createCon" time="51.244" classname="com.vtiger.tc.Create_Contact"/>
  <system-out/>
</testsuite> <!-- com.vtiger.tc.Create_Contact -->
