<?xml version="1.0" encoding="UTF-8"?>
<!-- Generated by org.testng.reporters.JUnitReportReporter -->
<testsuite skipped="0" hostname="Madhav" name="com.vtiger.tc.CreateLeadNoOfEmp" tests="1" failures="0" timestamp="2021-04-19T03:26:02 IST" time="22.293" errors="0">
  <testcase name="createLead" time="22.293" classname="com.vtiger.tc.CreateLeadNoOfEmp"/>
  <system-out/>
</testsuite> <!-- com.vtiger.tc.CreateLeadNoOfEmp -->
