<?xml version="1.0" encoding="UTF-8"?>
<!-- Generated by org.testng.reporters.JUnitReportReporter -->
<testsuite skipped="0" hostname="Madhav" name="com.vtiger.tc.CreateCOntact_Org" tests="1" failures="0" timestamp="2021-04-15T12:05:41 IST" time="41.265" errors="0">
  <testcase name="createcontact" time="41.265" classname="com.vtiger.tc.CreateCOntact_Org"/>
  <system-out/>
</testsuite> <!-- com.vtiger.tc.CreateCOntact_Org -->
