<?xml version="1.0" encoding="UTF-8"?>
<!-- Generated by org.testng.reporters.JUnitReportReporter -->
<testsuite skipped="0" hostname="Madhav" name="com.vtiger.tc.CreateLeadValidAnnualIncome" tests="1" failures="0" timestamp="2021-04-19T01:41:44 IST" time="16.328" errors="0">
  <testcase name="createLead" time="16.328" classname="com.vtiger.tc.CreateLeadValidAnnualIncome"/>
  <system-out/>
</testsuite> <!-- com.vtiger.tc.CreateLeadValidAnnualIncome -->
