<?xml version="1.0" encoding="UTF-8"?>
<!-- Generated by org.testng.reporters.JUnitReportReporter -->
<testsuite skipped="0" hostname="Madhav" name="com.vtiger.tc.Create_Contact" tests="1" failures="0" timestamp="2021-04-14T01:18:35 IST" time="16.916" errors="0">
  <testcase name="createCon" time="16.916" classname="com.vtiger.tc.Create_Contact"/>
  <system-out/>
</testsuite> <!-- com.vtiger.tc.Create_Contact -->
