<?xml version="1.0" encoding="UTF-8"?>
<!-- Generated by org.testng.reporters.JUnitReportReporter -->
<testsuite skipped="0" hostname="Madhav" name="com.vtiger.tc.CreateLeadValidEmails" tests="1" failures="0" timestamp="2021-04-19T04:04:08 IST" time="12.222" errors="0">
  <testcase name="createLead" time="12.222" classname="com.vtiger.tc.CreateLeadValidEmails"/>
  <system-out/>
</testsuite> <!-- com.vtiger.tc.CreateLeadValidEmails -->
